<?xml version="1.0" encoding="UTF-8"?>
<Site BuildName="(empty)"
	BuildStamp="20241028-0946-Experimental"
	Name="(empty)"
	Generator="ctest-3.16.3"
	CompilerName=""
	CompilerVersion=""
	OSName="Linux"
	Hostname="iZ0jlcjaykw7606egojwd5Z"
	OSRelease="5.4.0-196-generic"
	OSVersion="#216-Ubuntu SMP Thu Aug 29 13:26:53 UTC 2024"
	OSPlatform="x86_64"
	Is64Bits="1"
	VendorString="GenuineIntel"
	VendorID="Intel Corporation"
	FamilyID="6"
	ModelID="106"
	ProcessorCacheSize="49152"
	NumberOfLogicalCPU="8"
	NumberOfPhysicalCPU="4"
	TotalVirtualMemory="0"
	TotalPhysicalMemory="31561"
	LogicalProcessorsPerPhysical="2"
	ProcessorClockFrequency="3506.73"
	>
	<Testing>
		<StartDateTime>Oct 28 17:46 CST</StartDateTime>
		<StartTestTime>1730108760</StartTestTime>
		<TestList/>
		<EndDateTime>Oct 28 17:46 CST</EndDateTime>
		<EndTestTime>1730108760</EndTestTime>
		<ElapsedMinutes>0</ElapsedMinutes>
	</Testing>
</Site>
